<?xml version="1.0" encoding="UTF-8"?>
<testng-results skipped="0" failed="0" ignored="0" total="1" passed="1">
  <reporter-output>
  </reporter-output>
  <suite name="Default suite" duration-ms="8023" started-at="2019-04-19T01:29:36Z" finished-at="2019-04-19T01:29:44Z">
    <groups>
    </groups>
    <test name="Default test" duration-ms="8023" started-at="2019-04-19T01:29:36Z" finished-at="2019-04-19T01:29:44Z">
      <class name="com.yorkland_admin.testcase.LoginTest">
        <test-method status="PASS" signature="startClass()[pri:0, instance:com.yorkland_admin.testcase.LoginTest@3e6fa38a]" name="startClass" is-config="true" duration-ms="12" started-at="2019-04-19T01:29:36Z" finished-at="2019-04-19T01:29:36Z">
          <reporter-output>
          </reporter-output>
        </test-method> <!-- startClass -->
        <test-method status="PASS" signature="setUp()[pri:0, instance:com.yorkland_admin.testcase.LoginTest@3e6fa38a]" name="setUp" is-config="true" duration-ms="3631" started-at="2019-04-19T01:29:36Z" finished-at="2019-04-19T01:29:40Z">
          <reporter-output>
          </reporter-output>
        </test-method> <!-- setUp -->
        <test-method status="PASS" signature="loginTest(java.lang.String, java.lang.String, java.lang.String)[pri:0, instance:com.yorkland_admin.testcase.LoginTest@3e6fa38a]" name="loginTest" duration-ms="3193" started-at="2019-04-19T01:29:40Z" data-provider="loginTestData" finished-at="2019-04-19T01:29:43Z">
          <params>
            <param index="0">
              <value>
                <![CDATA[subat]]>
              </value>
            </param>
            <param index="1">
              <value>
                <![CDATA[password]]>
              </value>
            </param>
            <param index="2">
              <value>
                <![CDATA[Hello, Welcome To Yorkland High School Admin App]]>
              </value>
            </param>
          </params>
          <reporter-output>
          </reporter-output>
        </test-method> <!-- loginTest -->
        <test-method status="PASS" signature="tearDown()[pri:0, instance:com.yorkland_admin.testcase.LoginTest@3e6fa38a]" name="tearDown" is-config="true" duration-ms="647" started-at="2019-04-19T01:29:43Z" finished-at="2019-04-19T01:29:44Z">
          <reporter-output>
          </reporter-output>
        </test-method> <!-- tearDown -->
        <test-method status="PASS" signature="afterClassTestCaseCompleted()[pri:0, instance:com.yorkland_admin.testcase.LoginTest@3e6fa38a]" name="afterClassTestCaseCompleted" is-config="true" duration-ms="0" started-at="2019-04-19T01:29:44Z" finished-at="2019-04-19T01:29:44Z">
          <reporter-output>
          </reporter-output>
        </test-method> <!-- afterClassTestCaseCompleted -->
      </class> <!-- com.yorkland_admin.testcase.LoginTest -->
    </test> <!-- Default test -->
  </suite> <!-- Default suite -->
</testng-results>
