<?xml version="1.0" encoding="UTF-8"?>
<testng-results skipped="0" failed="0" total="1" passed="1">
  <reporter-output>
  </reporter-output>
  <suite name="Default suite" duration-ms="7453" started-at="2019-04-22T19:23:24Z" finished-at="2019-04-22T19:23:32Z">
    <groups>
    </groups>
    <test name="Default test" duration-ms="7453" started-at="2019-04-22T19:23:24Z" finished-at="2019-04-22T19:23:32Z">
      <class name="com.yorkland_admin.testcase.LoginTest">
        <test-method status="PASS" signature="startClass()[pri:0, instance:com.yorkland_admin.testcase.LoginTest@4b952a2d]" name="startClass" is-config="true" duration-ms="9" started-at="2019-04-22T15:23:24Z" finished-at="2019-04-22T15:23:24Z">
          <reporter-output>
          </reporter-output>
        </test-method> <!-- startClass -->
        <test-method status="PASS" signature="setUp()[pri:0, instance:com.yorkland_admin.testcase.LoginTest@4b952a2d]" name="setUp" is-config="true" duration-ms="3738" started-at="2019-04-22T15:23:25Z" finished-at="2019-04-22T15:23:28Z">
          <reporter-output>
          </reporter-output>
        </test-method> <!-- setUp -->
        <test-method status="PASS" signature="loginTest(java.lang.String, java.lang.String, java.lang.String)[pri:0, instance:com.yorkland_admin.testcase.LoginTest@4b952a2d]" name="loginTest" duration-ms="1853" started-at="2019-04-22T15:23:28Z" data-provider="loginTestData" finished-at="2019-04-22T15:23:30Z">
          <params>
            <param index="0">
              <value>
                <![CDATA[subat]]>
              </value>
            </param>
            <param index="1">
              <value>
                <![CDATA[password]]>
              </value>
            </param>
            <param index="2">
              <value>
                <![CDATA[Hello, Welcome To Yorkland High School Admin App]]>
              </value>
            </param>
          </params>
          <reporter-output>
          </reporter-output>
        </test-method> <!-- loginTest -->
        <test-method status="PASS" signature="tearDown()[pri:0, instance:com.yorkland_admin.testcase.LoginTest@4b952a2d]" name="tearDown" is-config="true" duration-ms="633" started-at="2019-04-22T15:23:31Z" finished-at="2019-04-22T15:23:32Z">
          <reporter-output>
          </reporter-output>
        </test-method> <!-- tearDown -->
        <test-method status="PASS" signature="afterClassTestCaseCompleted()[pri:0, instance:com.yorkland_admin.testcase.LoginTest@4b952a2d]" name="afterClassTestCaseCompleted" is-config="true" duration-ms="0" started-at="2019-04-22T15:23:32Z" finished-at="2019-04-22T15:23:32Z">
          <reporter-output>
          </reporter-output>
        </test-method> <!-- afterClassTestCaseCompleted -->
      </class> <!-- com.yorkland_admin.testcase.LoginTest -->
    </test> <!-- Default test -->
  </suite> <!-- Default suite -->
</testng-results>
